<?xml version="1.0" encoding="UTF-8"?>
<!-- Generated by org.testng.reporters.JUnitXMLReporter -->
<testsuite ignored="0" hostname="LAPTOP-0RV34ON9" failures="0" tests="3" name="Default test" time="58.045" errors="0" timestamp="2025-11-17T15:59:11 EAT">
  <testcase classname="com.awdenegest.appium.tests.AwdeNegestTest" name="testAmharicNameCalculation" time="13.606"/>
  <testcase classname="com.awdenegest.appium.tests.AwdeNegestTest" name="testAmharicNameCalculation" time="13.123"/>
  <testcase classname="com.awdenegest.appium.tests.AwdeNegestTest" name="testAmharicNameCalculation" time="13.573"/>
</testsuite> <!-- Default test -->
