<?xml version="1.0" encoding="UTF-8"?>
<testng-results ignored="0" total="3" passed="3" failed="0" skipped="0">
  <reporter-output>
  </reporter-output>
  <suite started-at="2025-11-17T15:58:13 EAT" name="Default suite" finished-at="2025-11-17T15:59:11 EAT" duration-ms="58045">
    <groups>
    </groups>
    <test started-at="2025-11-17T15:58:13 EAT" name="Default test" finished-at="2025-11-17T15:59:11 EAT" duration-ms="58045">
      <class name="com.awdenegest.appium.tests.AwdeNegestTest">
        <test-method is-config="true" signature="setUp()[pri:0, instance:com.awdenegest.appium.tests.AwdeNegestTest@77f1baf5]" started-at="2025-11-17T15:58:13 EAT" name="setUp" finished-at="2025-11-17T15:58:31 EAT" duration-ms="17607" status="PASS">
          <reporter-output>
          </reporter-output>
        </test-method> <!-- setUp -->
        <test-method signature="testAmharicNameCalculation(java.lang.String,java.lang.String)[pri:0, instance:com.awdenegest.appium.tests.AwdeNegestTest@77f1baf5]" started-at="2025-11-17T15:58:31 EAT" name="testAmharicNameCalculation" data-provider="amharicNames" finished-at="2025-11-17T15:58:44 EAT" duration-ms="13606" status="PASS">
          <params>
            <param index="0">
              <value>
                <![CDATA[አልበታ]]>
              </value>
            </param>
            <param index="1">
              <value>
                <![CDATA[ማርያም]]>
              </value>
            </param>
          </params>
          <reporter-output>
          </reporter-output>
        </test-method> <!-- testAmharicNameCalculation -->
        <test-method signature="testAmharicNameCalculation(java.lang.String,java.lang.String)[pri:0, instance:com.awdenegest.appium.tests.AwdeNegestTest@77f1baf5]" started-at="2025-11-17T15:58:44 EAT" name="testAmharicNameCalculation" data-provider="amharicNames" finished-at="2025-11-17T15:58:58 EAT" duration-ms="13123" status="PASS">
          <params>
            <param index="0">
              <value>
                <![CDATA[ሚካኤል]]>
              </value>
            </param>
            <param index="1">
              <value>
                <![CDATA[ሀና]]>
              </value>
            </param>
          </params>
          <reporter-output>
          </reporter-output>
        </test-method> <!-- testAmharicNameCalculation -->
        <test-method signature="testAmharicNameCalculation(java.lang.String,java.lang.String)[pri:0, instance:com.awdenegest.appium.tests.AwdeNegestTest@77f1baf5]" started-at="2025-11-17T15:58:58 EAT" name="testAmharicNameCalculation" data-provider="amharicNames" finished-at="2025-11-17T15:59:11 EAT" duration-ms="13573" status="PASS">
          <params>
            <param index="0">
              <value>
                <![CDATA[ዳዊት]]>
              </value>
            </param>
            <param index="1">
              <value>
                <![CDATA[ሳራ]]>
              </value>
            </param>
          </params>
          <reporter-output>
          </reporter-output>
        </test-method> <!-- testAmharicNameCalculation -->
        <test-method is-config="true" signature="tearDown()[pri:0, instance:com.awdenegest.appium.tests.AwdeNegestTest@77f1baf5]" started-at="2025-11-17T15:59:11 EAT" name="tearDown" finished-at="2025-11-17T15:59:11 EAT" duration-ms="81" status="PASS">
          <reporter-output>
          </reporter-output>
        </test-method> <!-- tearDown -->
      </class> <!-- com.awdenegest.appium.tests.AwdeNegestTest -->
    </test> <!-- Default test -->
  </suite> <!-- Default suite -->
</testng-results>
