<?xml version="1.0" encoding="UTF-8"?>
<!-- Generated by org.testng.reporters.JUnitReportReporter -->
<testsuite hostname="LAPTOP-0RV34ON9" failures="0" tests="3" name="com.awdenegest.appium.tests.AwdeNegestTest" time="40.302" errors="0" timestamp="2025-11-17T15:59:11 EAT" skipped="0">
  <testcase classname="com.awdenegest.appium.tests.AwdeNegestTest" name="testAmharicNameCalculation" time="13.573"/>
  <testcase classname="com.awdenegest.appium.tests.AwdeNegestTest" name="testAmharicNameCalculation" time="13.606"/>
  <testcase classname="com.awdenegest.appium.tests.AwdeNegestTest" name="testAmharicNameCalculation" time="13.123"/>
</testsuite> <!-- com.awdenegest.appium.tests.AwdeNegestTest -->
